<?xml version="1.0" encoding="UTF-8"?>
<!-- Generated by org.testng.reporters.JUnitXMLReporter -->
<testsuite hostname="LAPTOP-T2D0RNDH" name="Default test" tests="22" failures="0" timestamp="11 Feb 2019 15:50:59 GMT" time="291.521" errors="0">
  <testcase name="Facebook_Logo_Visible_Test" time="2.031" classname="DemoMaven.FacebookTest.FacebookTestCases"/>
  <testcase name="verifyPageTitleTest" time="0.033" classname="DemoMaven.FacebookTest.FacebookTestCases"/>
  <testcase name="verify_title" time="0.341" classname="DemoMaven.FacebookTest.FacebookTestCases"/>
  <testcase name="Username_Test" time="0.025" classname="DemoMaven.FacebookTest.FacebookTestCases"/>
  <testcase name="Password_Test" time="0.04" classname="DemoMaven.FacebookTest.FacebookTestCases"/>
  <testcase name="check_LoginButton_Color_Test" time="0.359" classname="DemoMaven.FacebookTest.FacebookTestCases"/>
  <testcase name="check_Links_Test" time="1.251" classname="DemoMaven.FacebookTest.FacebookTestCases"/>
  <testcase name="check_Links" time="0.607" classname="DemoMaven.FacebookTest.FacebookTestCases"/>
  <testcase name="Blank_Username_Password_Test" time="2.045" classname="DemoMaven.FacebookTest.FacebookTestCases"/>
  <testcase name="Invalid_Username_Password_Test" time="2.04" classname="DemoMaven.FacebookTest.FacebookTestCases"/>
  <testcase name="valid_Username_Password_Logout_Test" time="17.493" classname="DemoMaven.FacebookTest.FacebookTestCases"/>
  <testcase name="Create_New_Account_Visible_Test" time="5.025" classname="DemoMaven.FacebookTest.FacebookTestCases"/>
  <testcase name="Firstname_Test" time="0.662" classname="DemoMaven.FacebookTest.FacebookTestCases"/>
  <testcase name="Surname_Test" time="0.161" classname="DemoMaven.FacebookTest.FacebookTestCases"/>
  <testcase name="MobileNo_OR_Email_Test" time="0.187" classname="DemoMaven.FacebookTest.FacebookTestCases"/>
  <testcase name="New_Passwod_Test" time="0.151" classname="DemoMaven.FacebookTest.FacebookTestCases"/>
  <testcase name="Birthday_Input_Test" time="0.796" classname="DemoMaven.FacebookTest.FacebookTestCases"/>
  <testcase name="Click_On_GenderOption_Test" time="0.134" classname="DemoMaven.FacebookTest.FacebookTestCases"/>
  <testcase name="SignUp_Submit_Button_Test" time="0.226" classname="DemoMaven.FacebookTest.FacebookTestCases"/>
  <testcase name="Create_a_Page_Test" time="3.064" classname="DemoMaven.FacebookTest.FacebookTestCases"/>
  <testcase name="Create_a_Page_Visible_Test" time="4.885" classname="DemoMaven.FacebookTest.FacebookTestCases"/>
  <testcase name="BusinessOrBrand_Page_Test" time="5.61" classname="DemoMaven.FacebookTest.FacebookTestCases"/>
</testsuite> <!-- Default test -->
