<?xml version="1.0" encoding="UTF-8"?>
<testsuite xmlns:xsi="http://www.w3.org/2001/XMLSchema-instance" xsi:noNamespaceSchemaLocation="https://maven.apache.org/surefire/maven-surefire-plugin/xsd/surefire-test-report-3.0.xsd" version="3.0" name="TestSuite" time="911.84" tests="26" errors="0" skipped="5" failures="3">
  <properties>
[...]
</properties>
  <testcase name="Facebook_Logo_Visible_Test" classname="DemoMaven.FacebookTest.FacebookTestCases" time="1.875"/>
  <testcase name="verifyPageTitleTest" classname="DemoMaven.FacebookTest.FacebookTestCases" time="0.049"/>
  <testcase name="verify_title" classname="DemoMaven.FacebookTest.FacebookTestCases" time="0.369"/>
  <testcase name="Username_Test" classname="DemoMaven.FacebookTest.FacebookTestCases" time="0.216"/>
  <testcase name="Password_Test" classname="DemoMaven.FacebookTest.FacebookTestCases" time="0.088"/>
  <testcase name="check_LoginButton_Color_Test" classname="DemoMaven.FacebookTest.FacebookTestCases" time="0.46"/>
  <testcase name="check_Links_Test" classname="DemoMaven.FacebookTest.FacebookTestCases" time="1.595"/>
  <testcase name="check_Links" classname="DemoMaven.FacebookTest.FacebookTestCases" time="1.018"/>
  <testcase name="Blank_Username_Password_Test" classname="DemoMaven.FacebookTest.FacebookTestCases" time="10.237"/>
  <testcase name="Invalid_Username_Password_Test" classname="DemoMaven.FacebookTest.FacebookTestCases" time="9.013"/>
  <testcase name="valid_Username_Password_Logout_Test" classname="DemoMaven.FacebookTest.FacebookTestCases" time="51.114">
    <failure message="timeout&#10;  (Session info: chrome=72.0.3626.109)&#10;  (Driver info: chromedriver=72.0.3626.69 (3c16f8a135abc0d4da2dff33804db79b849a7c38),platform=Windows NT 10.0.17134 x86_64) (WARNING: The server did not provide any stacktrace information)&#10;Command duration or timeout: 0 milliseconds&#10;Build info: version: &apos;3.141.59&apos;, revision: &apos;e82be7d358&apos;, time: &apos;2018-11-14T08:17:03&apos;&#10;System info: host: &apos;LAPTOP-T2D0RNDH&apos;, ip: &apos;192.168.31.114&apos;, os.name: &apos;Windows 10&apos;, os.arch: &apos;amd64&apos;, os.version: &apos;10.0&apos;, java.version: &apos;1.8.0_191&apos;&#10;Driver info: org.openqa.selenium.chrome.ChromeDriver&#10;Capabilities {acceptInsecureCerts: false, acceptSslCerts: false, applicationCacheEnabled: false, browserConnectionEnabled: false, browserName: chrome, chrome: {chromedriverVersion: 72.0.3626.69 (3c16f8a135abc..., userDataDir: C:\Users\Lenovo\AppData\Loc...}, cssSelectorsEnabled: true, databaseEnabled: false, goog:chromeOptions: {debuggerAddress: localhost:51037}, handlesAlerts: true, hasTouchScreen: false, javascriptEnabled: true, locationContextEnabled: true, mobileEmulationEnabled: false, nativeEvents: true, networkConnectionEnabled: false, pageLoadStrategy: normal, platform: XP, platformName: XP, proxy: Proxy(), rotatable: false, setWindowRect: true, takesHeapSnapshot: true, takesScreenshot: true, timeouts: {implicit: 0, pageLoad: 300000, script: 30000}, unexpectedAlertBehaviour: ignore, unhandledPromptBehavior: ignore, version: 72.0.3626.109, webStorageEnabled: true}&#10;Session ID: 03a09733b62f1a1d0bee7e3735a57b29" type="org.openqa.selenium.TimeoutException">org.openqa.selenium.TimeoutException: 
timeout
  (Session info: chrome=72.0.3626.109)
  (Driver info: chromedriver=72.0.3626.69 (3c16f8a135abc0d4da2dff33804db79b849a7c38),platform=Windows NT 10.0.17134 x86_64) (WARNING: The server did not provide any stacktrace information)
Command duration or timeout: 0 milliseconds
Build info: version: '3.141.59', revision: 'e82be7d358', time: '2018-11-14T08:17:03'
System info: host: 'LAPTOP-T2D0RNDH', ip: '192.168.31.114', os.name: 'Windows 10', os.arch: 'amd64', os.version: '10.0', java.version: '1.8.0_191'
Driver info: org.openqa.selenium.chrome.ChromeDriver
Capabilities {acceptInsecureCerts: false, acceptSslCerts: false, applicationCacheEnabled: false, browserConnectionEnabled: false, browserName: chrome, chrome: {chromedriverVersion: 72.0.3626.69 (3c16f8a135abc..., userDataDir: C:\Users\Lenovo\AppData\Loc...}, cssSelectorsEnabled: true, databaseEnabled: false, goog:chromeOptions: {debuggerAddress: localhost:51037}, handlesAlerts: true, hasTouchScreen: false, javascriptEnabled: true, locationContextEnabled: true, mobileEmulationEnabled: false, nativeEvents: true, networkConnectionEnabled: false, pageLoadStrategy: normal, platform: XP, platformName: XP, proxy: Proxy(), rotatable: false, setWindowRect: true, takesHeapSnapshot: true, takesScreenshot: true, timeouts: {implicit: 0, pageLoad: 300000, script: 30000}, unexpectedAlertBehaviour: ignore, unhandledPromptBehavior: ignore, version: 72.0.3626.109, webStorageEnabled: true}
Session ID: 03a09733b62f1a1d0bee7e3735a57b29
	at DemoMaven.FacebookTest.FacebookTestCases.valid_Username_Password_Logout_Test(FacebookTestCases.java:149)
</failure>
    <system-err><![CDATA[Starting ChromeDriver 72.0.3626.69 (3c16f8a135abc0d4da2dff33804db79b849a7c38) on port 23301
Only local connections are allowed.
Please protect ports used by ChromeDriver and related test frameworks to prevent access by malicious code.
Feb 21, 2019 1:00:39 PM org.openqa.selenium.remote.ProtocolHandshake createSession
INFO: Detected dialect: OSS
[1550734310.143][SEVERE]: Timed out receiving message from renderer: 50.000
[1550734310.204][SEVERE]: Timed out receiving message from renderer: -0.089
]]></system-err>
  </testcase>
  <testcase name="Create_New_Account_Visible_Test" classname="DemoMaven.FacebookTest.FacebookTestCases" time="5.061"/>
  <testcase name="Firstname_Test" classname="DemoMaven.FacebookTest.FacebookTestCases" time="0.458"/>
  <testcase name="Surname_Test" classname="DemoMaven.FacebookTest.FacebookTestCases" time="0.172"/>
  <testcase name="MobileNo_OR_Email_Test" classname="DemoMaven.FacebookTest.FacebookTestCases" time="0.256"/>
  <testcase name="New_Passwod_Test" classname="DemoMaven.FacebookTest.FacebookTestCases" time="0.461"/>
  <testcase name="Birthday_Input_Test" classname="DemoMaven.FacebookTest.FacebookTestCases" time="1.248"/>
  <testcase name="Click_On_GenderOption_Test" classname="DemoMaven.FacebookTest.FacebookTestCases" time="0.163"/>
  <testcase name="SignUp_Submit_Button_Test" classname="DemoMaven.FacebookTest.FacebookTestCases" time="0.244"/>
  <testcase name="Create_a_Page_Test" classname="DemoMaven.FacebookTest.FacebookTestCases" time="50.41">
    <failure message="timeout&#10;  (Session info: chrome=72.0.3626.109)&#10;  (Driver info: chromedriver=72.0.3626.69 (3c16f8a135abc0d4da2dff33804db79b849a7c38),platform=Windows NT 10.0.17134 x86_64) (WARNING: The server did not provide any stacktrace information)&#10;Command duration or timeout: 0 milliseconds&#10;Build info: version: &apos;3.141.59&apos;, revision: &apos;e82be7d358&apos;, time: &apos;2018-11-14T08:17:03&apos;&#10;System info: host: &apos;LAPTOP-T2D0RNDH&apos;, ip: &apos;192.168.31.114&apos;, os.name: &apos;Windows 10&apos;, os.arch: &apos;amd64&apos;, os.version: &apos;10.0&apos;, java.version: &apos;1.8.0_191&apos;&#10;Driver info: org.openqa.selenium.chrome.ChromeDriver&#10;Capabilities {acceptInsecureCerts: false, acceptSslCerts: false, applicationCacheEnabled: false, browserConnectionEnabled: false, browserName: chrome, chrome: {chromedriverVersion: 72.0.3626.69 (3c16f8a135abc..., userDataDir: C:\Users\Lenovo\AppData\Loc...}, cssSelectorsEnabled: true, databaseEnabled: false, goog:chromeOptions: {debuggerAddress: localhost:51914}, handlesAlerts: true, hasTouchScreen: false, javascriptEnabled: true, locationContextEnabled: true, mobileEmulationEnabled: false, nativeEvents: true, networkConnectionEnabled: false, pageLoadStrategy: normal, platform: XP, platformName: XP, proxy: Proxy(), rotatable: false, setWindowRect: true, takesHeapSnapshot: true, takesScreenshot: true, timeouts: {implicit: 0, pageLoad: 300000, script: 30000}, unexpectedAlertBehaviour: ignore, unhandledPromptBehavior: ignore, version: 72.0.3626.109, webStorageEnabled: true}&#10;Session ID: 02fbd0d9ce29ff307d8f78b8bb5b6cb5" type="org.openqa.selenium.TimeoutException">org.openqa.selenium.TimeoutException: 
timeout
  (Session info: chrome=72.0.3626.109)
  (Driver info: chromedriver=72.0.3626.69 (3c16f8a135abc0d4da2dff33804db79b849a7c38),platform=Windows NT 10.0.17134 x86_64) (WARNING: The server did not provide any stacktrace information)
Command duration or timeout: 0 milliseconds
Build info: version: '3.141.59', revision: 'e82be7d358', time: '2018-11-14T08:17:03'
System info: host: 'LAPTOP-T2D0RNDH', ip: '192.168.31.114', os.name: 'Windows 10', os.arch: 'amd64', os.version: '10.0', java.version: '1.8.0_191'
Driver info: org.openqa.selenium.chrome.ChromeDriver
Capabilities {acceptInsecureCerts: false, acceptSslCerts: false, applicationCacheEnabled: false, browserConnectionEnabled: false, browserName: chrome, chrome: {chromedriverVersion: 72.0.3626.69 (3c16f8a135abc..., userDataDir: C:\Users\Lenovo\AppData\Loc...}, cssSelectorsEnabled: true, databaseEnabled: false, goog:chromeOptions: {debuggerAddress: localhost:51914}, handlesAlerts: true, hasTouchScreen: false, javascriptEnabled: true, locationContextEnabled: true, mobileEmulationEnabled: false, nativeEvents: true, networkConnectionEnabled: false, pageLoadStrategy: normal, platform: XP, platformName: XP, proxy: Proxy(), rotatable: false, setWindowRect: true, takesHeapSnapshot: true, takesScreenshot: true, timeouts: {implicit: 0, pageLoad: 300000, script: 30000}, unexpectedAlertBehaviour: ignore, unhandledPromptBehavior: ignore, version: 72.0.3626.109, webStorageEnabled: true}
Session ID: 02fbd0d9ce29ff307d8f78b8bb5b6cb5
	at DemoMaven.FacebookTest.FacebookTestCases.Create_a_Page_Test(FacebookTestCases.java:211)
</failure>
    <system-err><![CDATA[Starting ChromeDriver 72.0.3626.69 (3c16f8a135abc0d4da2dff33804db79b849a7c38) on port 28028
Only local connections are allowed.
Please protect ports used by ChromeDriver and related test frameworks to prevent access by malicious code.
Feb 21, 2019 1:06:33 PM org.openqa.selenium.remote.ProtocolHandshake createSession
INFO: Detected dialect: OSS
[1550734659.936][SEVERE]: Timed out receiving message from renderer: 50.000
[1550734659.962][SEVERE]: Timed out receiving message from renderer: -0.026
]]></system-err>
  </testcase>
  <testcase name="SetUp" classname="DemoMaven.FacebookTest.FacebookTestCases" time="115.412">
    <failure message="timeout&#10;  (Session info: chrome=72.0.3626.109)&#10;  (Driver info: chromedriver=72.0.3626.69 (3c16f8a135abc0d4da2dff33804db79b849a7c38),platform=Windows NT 10.0.17134 x86_64) (WARNING: The server did not provide any stacktrace information)&#10;Command duration or timeout: 0 milliseconds&#10;Build info: version: &apos;3.141.59&apos;, revision: &apos;e82be7d358&apos;, time: &apos;2018-11-14T08:17:03&apos;&#10;System info: host: &apos;LAPTOP-T2D0RNDH&apos;, ip: &apos;192.168.31.114&apos;, os.name: &apos;Windows 10&apos;, os.arch: &apos;amd64&apos;, os.version: &apos;10.0&apos;, java.version: &apos;1.8.0_191&apos;&#10;Driver info: org.openqa.selenium.chrome.ChromeDriver&#10;Capabilities {acceptInsecureCerts: false, acceptSslCerts: false, applicationCacheEnabled: false, browserConnectionEnabled: false, browserName: chrome, chrome: {chromedriverVersion: 72.0.3626.69 (3c16f8a135abc..., userDataDir: C:\Users\Lenovo\AppData\Loc...}, cssSelectorsEnabled: true, databaseEnabled: false, goog:chromeOptions: {debuggerAddress: localhost:51978}, handlesAlerts: true, hasTouchScreen: false, javascriptEnabled: true, locationContextEnabled: true, mobileEmulationEnabled: false, nativeEvents: true, networkConnectionEnabled: false, pageLoadStrategy: normal, platform: XP, platformName: XP, proxy: Proxy(), rotatable: false, setWindowRect: true, takesHeapSnapshot: true, takesScreenshot: true, timeouts: {implicit: 0, pageLoad: 300000, script: 30000}, unexpectedAlertBehaviour: ignore, unhandledPromptBehavior: ignore, version: 72.0.3626.109, webStorageEnabled: true}&#10;Session ID: 7e49a70ad36771b0d56b3613e54702ac" type="org.openqa.selenium.TimeoutException">org.openqa.selenium.TimeoutException: 
timeout
  (Session info: chrome=72.0.3626.109)
  (Driver info: chromedriver=72.0.3626.69 (3c16f8a135abc0d4da2dff33804db79b849a7c38),platform=Windows NT 10.0.17134 x86_64) (WARNING: The server did not provide any stacktrace information)
Command duration or timeout: 0 milliseconds
Build info: version: '3.141.59', revision: 'e82be7d358', time: '2018-11-14T08:17:03'
System info: host: 'LAPTOP-T2D0RNDH', ip: '192.168.31.114', os.name: 'Windows 10', os.arch: 'amd64', os.version: '10.0', java.version: '1.8.0_191'
Driver info: org.openqa.selenium.chrome.ChromeDriver
Capabilities {acceptInsecureCerts: false, acceptSslCerts: false, applicationCacheEnabled: false, browserConnectionEnabled: false, browserName: chrome, chrome: {chromedriverVersion: 72.0.3626.69 (3c16f8a135abc..., userDataDir: C:\Users\Lenovo\AppData\Loc...}, cssSelectorsEnabled: true, databaseEnabled: false, goog:chromeOptions: {debuggerAddress: localhost:51978}, handlesAlerts: true, hasTouchScreen: false, javascriptEnabled: true, locationContextEnabled: true, mobileEmulationEnabled: false, nativeEvents: true, networkConnectionEnabled: false, pageLoadStrategy: normal, platform: XP, platformName: XP, proxy: Proxy(), rotatable: false, setWindowRect: true, takesHeapSnapshot: true, takesScreenshot: true, timeouts: {implicit: 0, pageLoad: 300000, script: 30000}, unexpectedAlertBehaviour: ignore, unhandledPromptBehavior: ignore, version: 72.0.3626.109, webStorageEnabled: true}
Session ID: 7e49a70ad36771b0d56b3613e54702ac
	at DemoMaven.FacebookTest.FacebookTestCases.SetUp(FacebookTestCases.java:32)
</failure>
    <system-err><![CDATA[Starting ChromeDriver 72.0.3626.69 (3c16f8a135abc0d4da2dff33804db79b849a7c38) on port 30953
Only local connections are allowed.
Please protect ports used by ChromeDriver and related test frameworks to prevent access by malicious code.
Feb 21, 2019 1:07:53 PM org.openqa.selenium.remote.ProtocolHandshake createSession
INFO: Detected dialect: OSS
[1550734724.898][SEVERE]: Timed out receiving message from renderer: 49.130
[1550734724.910][SEVERE]: Timed out receiving message from renderer: -0.013
]]></system-err>
  </testcase>
  <testcase name="SetUp" classname="DemoMaven.FacebookTest.FacebookTestCases" time="0">
    <skipped/>
  </testcase>
  <testcase name="Create_a_Page_Visible_Test" classname="DemoMaven.FacebookTest.FacebookTestCases" time="0">
    <skipped/>
  </testcase>
  <testcase name="tearDown" classname="DemoMaven.FacebookTest.FacebookTestCases" time="0">
    <skipped/>
  </testcase>
  <testcase name="tearDown" classname="DemoMaven.FacebookTest.FacebookTestCases" time="0">
    <skipped/>
  </testcase>
  <testcase name="BusinessOrBrand_Page_Test" classname="DemoMaven.FacebookTest.FacebookTestCases" time="0">
    <skipped/>
  </testcase>
</testsuite>